2024-05-20 07:59:19,186 [Worker-6: Loading available Gradle versions] INFO  o.e.b.c.i.u.g.PublishedGradleVersions - Gradle version information cache is out-of-date. Trying to update.
2024-05-20 08:00:56,327 [Worker-3: Import Getting Started Content] INFO  o.e.m.c.i.l.LifecycleMappingFactory - Using org.maven.ide.eclipse.wtp.WarLifecycleMapping lifecycle mapping for MavenProject: com.BAC-project.server:BAC-Project:0.0.1-SNAPSHOT @ /Users/jesseblank/Desktop/codingDojo/Projects/java-project/BAC-project/server/BAC-Project/pom.xml.
2024-05-20 08:00:56,721 [Worker-3: Import Getting Started Content] INFO  o.e.m.j.i.AbstractJavaProjectConfigurator - Adding source folder /BAC-Project/src/main/java
2024-05-20 08:00:56,722 [Worker-3: Import Getting Started Content] INFO  o.e.m.j.i.AbstractJavaProjectConfigurator - Adding resource folder /BAC-Project/src/main/resources
2024-05-20 08:00:56,723 [Worker-3: Import Getting Started Content] INFO  o.e.m.j.i.AbstractJavaProjectConfigurator - Adding resource folder /BAC-Project/src/main/resources
2024-05-20 08:00:56,724 [Worker-3: Import Getting Started Content] INFO  o.e.m.j.i.AbstractJavaProjectConfigurator - Adding source folder /BAC-Project/src/test/java
2024-05-20 08:00:56,724 [Worker-3: Import Getting Started Content] INFO  o.e.m.j.i.AbstractJavaProjectConfigurator - Adding resource folder /BAC-Project/src/test/resources
2024-05-20 08:00:57,333 [Worker-3: Import Getting Started Content] INFO  o.e.m.c.i.p.ProjectConfigurationManager - Imported and configured 1 project(s) in 1 sec
2024-05-20 08:00:57,334 [Worker-3: Import Getting Started Content] INFO  o.e.m.c.i.p.ProjectConfigurationManager - Update started
2024-05-20 08:00:57,420 [Worker-3: Import Getting Started Content] INFO  o.e.m.c.i.l.LifecycleMappingFactory - Using org.maven.ide.eclipse.wtp.WarLifecycleMapping lifecycle mapping for MavenProject: com.BAC-project.server:BAC-Project:0.0.1-SNAPSHOT @ /Users/jesseblank/Desktop/codingDojo/Projects/java-project/BAC-project/server/BAC-Project/pom.xml.
2024-05-20 08:00:57,564 [Worker-3: Import Getting Started Content] INFO  o.e.m.j.i.AbstractJavaProjectConfigurator - Adding source folder /BAC-Project/src/main/java
2024-05-20 08:00:57,564 [Worker-3: Import Getting Started Content] INFO  o.e.m.j.i.AbstractJavaProjectConfigurator - Adding resource folder /BAC-Project/src/main/resources
2024-05-20 08:00:57,565 [Worker-3: Import Getting Started Content] INFO  o.e.m.j.i.AbstractJavaProjectConfigurator - Adding resource folder /BAC-Project/src/main/resources
2024-05-20 08:00:57,565 [Worker-3: Import Getting Started Content] INFO  o.e.m.j.i.AbstractJavaProjectConfigurator - Adding source folder /BAC-Project/src/test/java
2024-05-20 08:00:57,565 [Worker-3: Import Getting Started Content] INFO  o.e.m.j.i.AbstractJavaProjectConfigurator - Adding resource folder /BAC-Project/src/test/resources
2024-05-20 08:00:57,985 [Worker-3: Import Getting Started Content] INFO  o.e.m.w.i.f.ResourceFilteringBuildParticipant - Cleaning filtered folder for BAC-Project
2024-05-20 08:00:57,991 [Worker-3: Import Getting Started Content] INFO  o.e.m.c.i.p.ProjectConfigurationManager - Update completed for 1 poms: local refresh takes 0.00 sec, refresh facades takes 0.00 sec, update config takes 0.00 sec 
2024-05-20 08:00:58,472 [Worker-1: Building] INFO  o.a.m.s.f.DefaultMavenResourcesFiltering - Copying 1 resource from src/main/resources to target/classes
2024-05-20 08:00:58,502 [Worker-1: Building] INFO  o.a.m.s.f.DefaultMavenResourcesFiltering - Copying 0 resource from src/main/resources to target/classes
2024-05-20 08:00:58,506 [Worker-1: Building] INFO  o.a.m.s.f.DefaultMavenResourcesFiltering - skip non existing resourceDirectory /Users/jesseblank/Desktop/codingDojo/Projects/java-project/BAC-project/server/BAC-Project/src/test/resources
2024-05-20 08:00:58,506 [Worker-1: Building] INFO  o.e.m.w.i.f.ResourceFilteringBuildParticipant - Changed resources require a complete clean of filtered resources of BAC-Project
2024-05-20 08:00:58,507 [Worker-1: Building] INFO  o.e.m.w.i.f.ResourceFilteringBuildParticipant - Executing resource filtering for BAC-Project
2024-05-20 08:02:03,908 [Worker-2: Building] INFO  o.e.m.c.i.l.LifecycleMappingFactory - Using org.maven.ide.eclipse.wtp.WarLifecycleMapping lifecycle mapping for MavenProject: com.BAC-project.server:BAC-Project:0.0.1-SNAPSHOT @ /Users/jesseblank/Desktop/codingDojo/Projects/java-project/BAC-project/server/BAC-Project/pom.xml.
2024-05-20 08:02:04,175 [Worker-2: Building] INFO  o.a.m.s.f.DefaultMavenResourcesFiltering - Copying 0 resource from src/main/resources to target/classes
2024-05-20 08:02:04,175 [Worker-2: Building] INFO  o.a.m.s.f.DefaultMavenResourcesFiltering - Copying 0 resource from src/main/resources to target/classes
2024-05-20 08:02:04,177 [Worker-2: Building] INFO  o.a.m.s.f.DefaultMavenResourcesFiltering - skip non existing resourceDirectory /Users/jesseblank/Desktop/codingDojo/Projects/java-project/BAC-project/server/BAC-Project/src/test/resources
2024-05-20 08:02:04,177 [Worker-2: Building] INFO  o.e.m.w.i.f.ResourceFilteringBuildParticipant - Changed resources require a complete clean of filtered resources of BAC-Project
2024-05-20 08:02:04,177 [Worker-2: Building] INFO  o.e.m.w.i.f.ResourceFilteringBuildParticipant - Executing resource filtering for BAC-Project
2024-05-20 08:02:04,490 [Worker-3: Building] INFO  o.a.m.s.f.DefaultMavenResourcesFiltering - Copying 1 resource from src/main/resources to target/classes
2024-05-20 08:02:04,498 [Worker-3: Building] INFO  o.a.m.s.f.DefaultMavenResourcesFiltering - Copying 0 resource from src/main/resources to target/classes
2024-05-20 08:02:04,499 [Worker-3: Building] INFO  o.a.m.s.f.DefaultMavenResourcesFiltering - skip non existing resourceDirectory /Users/jesseblank/Desktop/codingDojo/Projects/java-project/BAC-project/server/BAC-Project/src/test/resources
2024-05-20 08:02:55,867 [Worker-10: Building] INFO  o.a.m.s.f.DefaultMavenResourcesFiltering - Copying 1 resource from src/main/resources to target/classes
2024-05-20 08:02:55,875 [Worker-10: Building] INFO  o.a.m.s.f.DefaultMavenResourcesFiltering - Copying 0 resource from src/main/resources to target/classes
2024-05-20 08:02:55,876 [Worker-10: Building] INFO  o.a.m.s.f.DefaultMavenResourcesFiltering - skip non existing resourceDirectory /Users/jesseblank/Desktop/codingDojo/Projects/java-project/BAC-project/server/BAC-Project/src/test/resources
2024-05-20 08:04:44,412 [Worker-2: Building] INFO  o.a.m.s.f.DefaultMavenResourcesFiltering - Copying 1 resource from src/main/resources to target/classes
2024-05-20 08:04:44,419 [Worker-2: Building] INFO  o.a.m.s.f.DefaultMavenResourcesFiltering - Copying 0 resource from src/main/resources to target/classes
2024-05-20 08:04:44,420 [Worker-2: Building] INFO  o.a.m.s.f.DefaultMavenResourcesFiltering - skip non existing resourceDirectory /Users/jesseblank/Desktop/codingDojo/Projects/java-project/BAC-project/server/BAC-Project/src/test/resources
2024-05-20 08:06:07,636 [Worker-3: Building] INFO  o.a.m.s.f.DefaultMavenResourcesFiltering - Copying 1 resource from src/main/resources to target/classes
2024-05-20 08:06:07,641 [Worker-3: Building] INFO  o.a.m.s.f.DefaultMavenResourcesFiltering - Copying 0 resource from src/main/resources to target/classes
2024-05-20 08:06:07,642 [Worker-3: Building] INFO  o.a.m.s.f.DefaultMavenResourcesFiltering - skip non existing resourceDirectory /Users/jesseblank/Desktop/codingDojo/Projects/java-project/BAC-project/server/BAC-Project/src/test/resources
2024-05-20 08:06:19,037 [Worker-6: Building] INFO  o.a.m.s.f.DefaultMavenResourcesFiltering - Copying 1 resource from src/main/resources to target/classes
2024-05-20 08:06:19,043 [Worker-6: Building] INFO  o.a.m.s.f.DefaultMavenResourcesFiltering - Copying 0 resource from src/main/resources to target/classes
2024-05-20 08:06:19,044 [Worker-6: Building] INFO  o.a.m.s.f.DefaultMavenResourcesFiltering - skip non existing resourceDirectory /Users/jesseblank/Desktop/codingDojo/Projects/java-project/BAC-project/server/BAC-Project/src/test/resources
2024-05-20 08:06:39,398 [Worker-8: Building] INFO  o.a.m.s.f.DefaultMavenResourcesFiltering - Copying 1 resource from src/main/resources to target/classes
2024-05-20 08:06:39,404 [Worker-8: Building] INFO  o.a.m.s.f.DefaultMavenResourcesFiltering - Copying 0 resource from src/main/resources to target/classes
2024-05-20 08:06:39,406 [Worker-8: Building] INFO  o.a.m.s.f.DefaultMavenResourcesFiltering - skip non existing resourceDirectory /Users/jesseblank/Desktop/codingDojo/Projects/java-project/BAC-project/server/BAC-Project/src/test/resources
